This is pdfTeXk, Version 3.141592-1.40.3 (Web2C 7.5.6) (format=latex 2012.7.25)  21 FEB 2013 16:12
entering extended mode
 %&-line parsing enabled.
**main.tex
(./main.tex
LaTeX2e <2005/12/01>
Babel <v3.8h> and hyphenation patterns for english, usenglishmax, dumylang, noh
yphenation, arabic, basque, bulgarian, coptic, welsh, czech, slovak, german, ng
erman, danish, esperanto, spanish, catalan, galician, estonian, farsi, finnish,
 french, greek, monogreek, ancientgreek, croatian, hungarian, interlingua, ibyc
us, indonesian, icelandic, italian, latin, mongolian, dutch, norsk, polish, por
tuguese, pinyin, romanian, russian, slovenian, uppersorbian, serbian, swedish, 
turkish, ukenglish, ukrainian, loaded.
(/usr/share/texmf/tex/latex/base/report.cls
Document Class: report 2005/09/16 v1.4f Standard LaTeX document class
(/usr/share/texmf/tex/latex/base/size11.clo
File: size11.clo 2005/09/16 v1.4f Standard LaTeX file (size option)
)
\c@part=\count79
\c@chapter=\count80
\c@section=\count81
\c@subsection=\count82
\c@subsubsection=\count83
\c@paragraph=\count84
\c@subparagraph=\count85
\c@figure=\count86
\c@table=\count87
\abovecaptionskip=\skip41
\belowcaptionskip=\skip42
\bibindent=\dimen102
)
(/usr/share/texmf/tex/latex/amsmath/amsmath.sty
Package: amsmath 2000/07/18 v2.13 AMS math features
\@mathmargin=\skip43

For additional information on amsmath, use the `?' option.
(/usr/share/texmf/tex/latex/amsmath/amstext.sty
Package: amstext 2000/06/29 v2.01

(/usr/share/texmf/tex/latex/amsmath/amsgen.sty
File: amsgen.sty 1999/11/30 v2.0
\@emptytoks=\toks14
\ex@=\dimen103
))
(/usr/share/texmf/tex/latex/amsmath/amsbsy.sty
Package: amsbsy 1999/11/29 v1.2d
\pmbraise@=\dimen104
)
(/usr/share/texmf/tex/latex/amsmath/amsopn.sty
Package: amsopn 1999/12/14 v2.01 operator names
)
\inf@bad=\count88
LaTeX Info: Redefining \frac on input line 211.
\uproot@=\count89
\leftroot@=\count90
LaTeX Info: Redefining \overline on input line 307.
\classnum@=\count91
\DOTSCASE@=\count92
LaTeX Info: Redefining \ldots on input line 379.
LaTeX Info: Redefining \dots on input line 382.
LaTeX Info: Redefining \cdots on input line 467.
\Mathstrutbox@=\box26
\strutbox@=\box27
\big@size=\dimen105
LaTeX Font Info:    Redeclaring font encoding OML on input line 567.
LaTeX Font Info:    Redeclaring font encoding OMS on input line 568.
\macc@depth=\count93
\c@MaxMatrixCols=\count94
\dotsspace@=\muskip10
\c@parentequation=\count95
\dspbrk@lvl=\count96
\tag@help=\toks15
\row@=\count97
\column@=\count98
\maxfields@=\count99
\andhelp@=\toks16
\eqnshift@=\dimen106
\alignsep@=\dimen107
\tagshift@=\dimen108
\tagwidth@=\dimen109
\totwidth@=\dimen110
\lineht@=\dimen111
\@envbody=\toks17
\multlinegap=\skip44
\multlinetaggap=\skip45
\mathdisplay@stack=\toks18
LaTeX Info: Redefining \[ on input line 2666.
LaTeX Info: Redefining \] on input line 2667.
)
(/usr/share/texmf/tex/latex/graphics/graphicx.sty
Package: graphicx 1999/02/16 v1.0f Enhanced LaTeX Graphics (DPC,SPQR)

(/usr/share/texmf/tex/latex/graphics/keyval.sty
Package: keyval 1999/03/16 v1.13 key=value parser (DPC)
\KV@toks@=\toks19
)
(/usr/share/texmf/tex/latex/graphics/graphics.sty
Package: graphics 2006/02/20 v1.0o Standard LaTeX Graphics (DPC,SPQR)

(/usr/share/texmf/tex/latex/graphics/trig.sty
Package: trig 1999/03/16 v1.09 sin cos tan (DPC)
)
(/usr/share/texmf/tex/latex/config/graphics.cfg
File: graphics.cfg 2007/01/18 v1.5 graphics configuration of teTeX/TeXLive
)
Package graphics Info: Driver file: dvips.def on input line 90.

(/usr/share/texmf/tex/latex/graphics/dvips.def
File: dvips.def 1999/02/16 v3.0i Driver-dependant file (DPC,SPQR)
))
\Gin@req@height=\dimen112
\Gin@req@width=\dimen113
)
(/usr/share/texmf/tex/latex/moreverb/moreverb.sty
Package: moreverb 1997/12/07 v2.2d.2 `more' verbatim facilities

(/usr/share/texmf/tex/latex/tools/verbatim.sty
Package: verbatim 2003/08/22 v1.5q LaTeX2e package for verbatim enhancements
\every@verbatim=\toks20
\verbatim@line=\toks21
\verbatim@in@stream=\read1
)
\verbatim@out=\write3
\tab@position=\count100
\tab@size=\count101
\listing@line=\count102
)
(/usr/share/texmf/tex/latex/html/url.sty
\Urlmuskip=\muskip11
Package: url 2005/06/27  ver 3.2  Verb mode for urls, etc.
)
(/usr/share/texmf/tex/latex/setspace/setspace.sty
Package: setspace 2000/12/01 6.7 Contributed and Supported LaTeX2e package

Package: `setspace' 6.7 <2000/12/01>
) (/usr/share/texmf/tex/generic/babel/babel.sty
Package: babel 2005/11/23 v3.8h The Babel package

(/usr/share/texmf/tex/generic/babel/english.ldf
Language: english 2005/03/30 v3.3o English support from the babel system

(/usr/share/texmf/tex/generic/babel/babel.def
File: babel.def 2005/11/23 v3.8h Babel common definitions
\babel@savecnt=\count103
\U@D=\dimen114
)
\l@british = a dialect from \language\l@english 
\l@UKenglish = a dialect from \language\l@english 
\l@canadian = a dialect from \language\l@american 
\l@australian = a dialect from \language\l@british 
\l@newzealand = a dialect from \language\l@british 
))
(/usr/share/texmf/tex/latex/geometry/geometry.sty
Package: geometry 2002/07/08 v3.2 Page Geometry
\Gm@cnth=\count104
\Gm@cntv=\count105
\c@Gm@tempcnt=\count106
\Gm@bindingoffset=\dimen115
\Gm@wd@mp=\dimen116
\Gm@odd@mp=\dimen117
\Gm@even@mp=\dimen118
\Gm@dimlist=\toks22

(/usr/share/texmf/tex/xelatex/xetexconfig/geometry.cfg))
(/usr/share/texmf/tex/latex/fancyhdr/fancyhdr.sty
\fancy@headwidth=\skip46
\f@ncyO@elh=\skip47
\f@ncyO@erh=\skip48
\f@ncyO@olh=\skip49
\f@ncyO@orh=\skip50
\f@ncyO@elf=\skip51
\f@ncyO@erf=\skip52
\f@ncyO@olf=\skip53
\f@ncyO@orf=\skip54
) (./main.aux)
\openout1 = `main.aux'.

LaTeX Font Info:    Checking defaults for OML/cmm/m/it on input line 75.
LaTeX Font Info:    ... okay on input line 75.
LaTeX Font Info:    Checking defaults for T1/cmr/m/n on input line 75.
LaTeX Font Info:    ... okay on input line 75.
LaTeX Font Info:    Checking defaults for OT1/cmr/m/n on input line 75.
LaTeX Font Info:    ... okay on input line 75.
LaTeX Font Info:    Checking defaults for OMS/cmsy/m/n on input line 75.
LaTeX Font Info:    ... okay on input line 75.
LaTeX Font Info:    Checking defaults for OMX/cmex/m/n on input line 75.
LaTeX Font Info:    ... okay on input line 75.
LaTeX Font Info:    Checking defaults for U/cmr/m/n on input line 75.
LaTeX Font Info:    ... okay on input line 75.
-------------------- Geometry parameters
paper: class default
landscape: --
twocolumn: --
twoside: --
asymmetric: --
h-parts: 108.405pt, 433.62001pt, 72.26999pt
v-parts: 144.54pt, 542.025pt, 108.405pt
hmarginratio: --
vmarginratio: --
lines: --
heightrounded: --
bindingoffset: 0.0pt
truedimen: --
includehead: --
includefoot: --
includemp: --
driver: 
-------------------- Page layout dimensions and switches
\paperwidth  614.295pt
\paperheight 794.96999pt
\textwidth  433.62001pt
\textheight 542.025pt
\oddsidemargin  36.13501pt
\evensidemargin 36.13501pt
\topmargin  35.27pt
\headheight 12.0pt
\headsep    25.0pt
\footskip   30.0pt
\marginparwidth 59.0pt
\marginparsep   10.0pt
\columnsep  10.0pt
\skip\footins  10.0pt plus 4.0pt minus 2.0pt
\hoffset 0.0pt
\voffset 0.0pt
\mag 1000

(1in=72.27pt, 1cm=28.45pt)
-----------------------
 (./abstract.tex)

Package Fancyhdr Warning: \headheight is too small (12.0pt): 
 Make it at least 13.59999pt.
 We now make it that large for the rest of the document.
 This may cause the page layout to be inconsistent, however.

[1

] (./ack.tex) [2

] (./signatures.tex
LaTeX Font Info:    Try loading font information for OML+cmr on input line 42.

(/usr/share/texmf/tex/latex/base/omlcmr.fd
File: omlcmr.fd 1999/05/25 v2.5h Standard LaTeX font definitions
)
LaTeX Font Info:    Font shape `OML/cmr/m/n' in size <6> not available
(Font)              Font shape `OML/cmm/m/it' tried instead on input line 42.
) [3

] (./titlepage.tex) [4

]
(./main.toc)
\tf@toc=\write4
\openout4 = `main.toc'.

 [5

] (./main.lot)
\tf@lot=\write5
\openout5 = `main.lot'.

 [6

] (./main.lof)
\tf@lof=\write6
\openout6 = `main.lof'.

 [7

] (./chapter1.tex
Chapter 1.
File: xor.eps Graphic file (type eps)
<xor.eps> [1


] [2]

LaTeX Warning: Citation `gof-book' on page 3 undefined on input line 103.


LaTeX Warning: Citation `MPI2' on page 3 undefined on input line 103.


LaTeX Warning: Citation `Dijkstra80' undefined on input line 106.


LaTeX Warning: Citation `plop03-paper' undefined on input line 107.

)
No file main.bbl.
(./appendix1.tex [3]
Appendix A.
) [4

] (./main.aux)

LaTeX Warning: There were undefined references.

 ) 
Here is how much of TeX's memory you used:
 2159 strings out of 256217
 26004 string characters out of 1917107
 86179 words of memory out of 1500000
 5413 multiletter control sequences out of 10000+200000
 9644 words of font info for 35 fonts, out of 1200000 for 2000
 645 hyphenation exceptions out of 8191
 27i,10n,43p,405b,292s stack positions out of 5000i,500n,6000p,200000b,15000s

Output written on main.dvi (11 pages, 9076 bytes).
